0 info it worked if it ends with ok
1 verbose cli [ 'C:\\Program Files (x86)\\nodejs\\\\node.exe',
1 verbose cli   'C:\\Program Files (x86)\\nodejs\\node_modules\\npm\\bin\\npm-cli.js',
1 verbose cli   'install',
1 verbose cli   'babel-preset-react@6.26.0',
1 verbose cli   '--save-dev' ]
2 info using npm@2.7.4
3 info using node@v0.12.2
4 verbose node symlink C:\Program Files (x86)\nodejs\\node.exe
5 warn package.json react-essential@1.0.0 No repository field.
6 warn package.json react-essential@1.0.0 No README data
7 silly cache add args [ 'babel-preset-react@6.26.0', null ]
8 verbose cache add spec babel-preset-react@6.26.0
9 silly cache add parsed spec { raw: 'babel-preset-react@6.26.0',
9 silly cache add   scope: null,
9 silly cache add   name: 'babel-preset-react',
9 silly cache add   rawSpec: '6.26.0',
9 silly cache add   spec: '6.26.0',
9 silly cache add   type: 'version' }
10 verbose addNamed babel-preset-react@6.26.0
11 silly addNamed semver.valid 6.26.0
12 silly addNamed semver.validRange 6.26.0
13 silly mapToRegistry name babel-preset-react
14 silly mapToRegistry using default registry
15 silly mapToRegistry registry https://registry.npmjs.org/
16 silly mapToRegistry uri https://registry.npmjs.org/babel-preset-react
17 verbose addNameVersion registry:https://registry.npmjs.org/babel-preset-react not in flight; fetching
18 verbose request uri https://registry.npmjs.org/babel-preset-react
19 verbose request no auth needed
20 info attempt registry request try #1 at 22:43:47
21 verbose request id ee16fbc1844aaffd
22 verbose etag "5a30cf30-dee3"
23 verbose lastModified Wed, 13 Dec 2017 6:56:48 GMT
24 http request GET https://registry.npmjs.org/babel-preset-react
25 http 304 https://registry.npmjs.org/babel-preset-react
26 silly get cb [ 304,
26 silly get   { date: 'Wed, 20 Dec 2017 03:43:53 GMT',
26 silly get     via: '1.1 varnish',
26 silly get     'cache-control': 'max-age=300',
26 silly get     etag: '"5a30cf30-dee3"',
26 silly get     age: '13648',
26 silly get     connection: 'keep-alive',
26 silly get     'x-served-by': 'cache-ord1737-ORD',
26 silly get     'x-cache': 'HIT',
26 silly get     'x-cache-hits': '1',
26 silly get     'x-timer': 'S1513741433.226642,VS0,VE1',
26 silly get     vary: 'Accept-Encoding, Accept' } ]
27 verbose etag https://registry.npmjs.org/babel-preset-react from cache
28 verbose get saving babel-preset-react to C:\Users\Jixiang\AppData\Roaming\npm-cache\registry.npmjs.org\babel-preset-react\.cache.json
29 verbose stack Error: version not found: babel-preset-react@6.26.0
29 verbose stack     at setData (C:\Program Files (x86)\nodejs\node_modules\npm\lib\cache\add-named.js:122:12)
29 verbose stack     at RES (C:\Program Files (x86)\nodejs\node_modules\npm\node_modules\inflight\inflight.js:23:14)
29 verbose stack     at f (C:\Program Files (x86)\nodejs\node_modules\npm\node_modules\once\once.js:17:25)
29 verbose stack     at saved (C:\Program Files (x86)\nodejs\node_modules\npm\lib\cache\caching-client.js:173:7)
29 verbose stack     at FSReqWrap.oncomplete (fs.js:95:15)
30 verbose statusCode 404
31 verbose cwd C:\xampp\htdocs\phplearning\JavaScriptPart\React\lynda1\practise\personalPractise
32 error Windows_NT 6.1.7601
33 error argv "C:\\Program Files (x86)\\nodejs\\\\node.exe" "C:\\Program Files (x86)\\nodejs\\node_modules\\npm\\bin\\npm-cli.js" "install" "babel-preset-react@6.26.0" "--save-dev"
34 error node v0.12.2
35 error npm  v2.7.4
36 error version not found: babel-preset-react@6.26.0
37 error If you need help, you may report this error at:
37 error     <https://github.com/npm/npm/issues>
38 verbose exit [ 1, true ]
